info: ::1 {"timestamp":"2018-08-22T22:11:43.196Z"}
info: {"sessionId":"5a258052-5df3-4f7a-a3bf-c490f2b2115f","messageType":0} {"timestamp":"2018-08-22T22:11:43.196Z"}
info: Game session request {"timestamp":"2018-08-22T22:11:43.218Z"}
info: ::1 {"timestamp":"2018-08-22T22:11:43.248Z"}
info: {"sessionId":"5a258052-5df3-4f7a-a3bf-c490f2b2115f","messageType":1,"gameId":"d4983f35-edf9-4f24-9c94-e534c25829b2"} {"timestamp":"2018-08-22T22:11:43.248Z"}
info: ::1 {"timestamp":"2018-08-22T22:11:44.665Z"}
info: {"messageType":-1} {"timestamp":"2018-08-22T22:11:44.665Z"}
info: ::1 {"timestamp":"2018-08-22T22:11:45.195Z"}
info: {"messageType":-1} {"timestamp":"2018-08-22T22:11:45.196Z"}
info: ::1 {"timestamp":"2018-08-22T22:11:46.196Z"}
info: {"messageType":-1} {"timestamp":"2018-08-22T22:11:46.196Z"}
info: ::1 {"timestamp":"2018-08-22T22:11:47.195Z"}
info: {"messageType":-1} {"timestamp":"2018-08-22T22:11:47.196Z"}
info: ::1 {"timestamp":"2018-08-22T22:11:48.195Z"}
info: {"messageType":-1} {"timestamp":"2018-08-22T22:11:48.195Z"}
info: ::1 {"timestamp":"2018-08-22T22:11:49.195Z"}
info: {"messageType":-1} {"timestamp":"2018-08-22T22:11:49.195Z"}
info: ::1 {"timestamp":"2018-08-22T22:11:50.195Z"}
info: {"messageType":-1} {"timestamp":"2018-08-22T22:11:50.195Z"}
info: ::1 {"timestamp":"2018-08-22T22:11:51.194Z"}
info: {"messageType":-1} {"timestamp":"2018-08-22T22:11:51.194Z"}
