info: ::1 {"timestamp":"2018-08-22T22:05:22.404Z"}
info: {"sessionId":"984c6cee-6ec7-46fb-9d21-184ed1c0e009","messageType":0} {"timestamp":"2018-08-22T22:05:22.405Z"}
info: Game session request {"timestamp":"2018-08-22T22:05:22.429Z"}
info: ::1 {"timestamp":"2018-08-22T22:05:22.442Z"}
info: {"sessionId":"984c6cee-6ec7-46fb-9d21-184ed1c0e009","messageType":1,"gameId":"ab95d3cf-3e44-44dd-b584-dac6ad9e1883"} {"timestamp":"2018-08-22T22:05:22.442Z"}
info: ::1 {"timestamp":"2018-08-22T22:05:23.923Z"}
info: {"messageType":-1} {"timestamp":"2018-08-22T22:05:23.924Z"}
info: ::1 {"timestamp":"2018-08-22T22:05:24.410Z"}
info: {"messageType":-1} {"timestamp":"2018-08-22T22:05:24.411Z"}
info: ::1 {"timestamp":"2018-08-22T22:05:25.412Z"}
info: {"messageType":-1} {"timestamp":"2018-08-22T22:05:25.412Z"}
info: ::1 {"timestamp":"2018-08-22T22:05:26.406Z"}
info: {"messageType":-1} {"timestamp":"2018-08-22T22:05:26.407Z"}
info: ::1 {"timestamp":"2018-08-22T22:05:27.413Z"}
info: {"messageType":-1} {"timestamp":"2018-08-22T22:05:27.413Z"}
info: ::1 {"timestamp":"2018-08-22T22:05:28.413Z"}
info: {"messageType":-1} {"timestamp":"2018-08-22T22:05:28.414Z"}
info: ::1 {"timestamp":"2018-08-22T22:05:29.413Z"}
info: {"messageType":-1} {"timestamp":"2018-08-22T22:05:29.413Z"}
info: ::1 {"timestamp":"2018-08-22T22:05:30.413Z"}
info: {"messageType":-1} {"timestamp":"2018-08-22T22:05:30.413Z"}
info: ::1 {"timestamp":"2018-08-22T22:05:31.405Z"}
info: {"messageType":-1} {"timestamp":"2018-08-22T22:05:31.406Z"}
info: ::1 {"timestamp":"2018-08-22T22:05:32.413Z"}
info: {"messageType":-1} {"timestamp":"2018-08-22T22:05:32.413Z"}
info: ::1 {"timestamp":"2018-08-22T22:05:33.407Z"}
info: {"messageType":-1} {"timestamp":"2018-08-22T22:05:33.407Z"}
info: ::1 {"timestamp":"2018-08-22T22:05:34.406Z"}
info: {"messageType":-1} {"timestamp":"2018-08-22T22:05:34.406Z"}
info: ::1 {"timestamp":"2018-08-22T22:05:35.406Z"}
info: {"messageType":-1} {"timestamp":"2018-08-22T22:05:35.406Z"}
info: ::1 {"timestamp":"2018-08-22T22:05:36.405Z"}
info: {"messageType":-1} {"timestamp":"2018-08-22T22:05:36.405Z"}
info: ::1 {"timestamp":"2018-08-22T22:05:37.413Z"}
info: {"messageType":-1} {"timestamp":"2018-08-22T22:05:37.413Z"}
info: ::1 {"timestamp":"2018-08-22T22:05:38.407Z"}
info: {"messageType":-1} {"timestamp":"2018-08-22T22:05:38.407Z"}
info: ::1 {"timestamp":"2018-08-22T22:05:39.406Z"}
info: {"messageType":-1} {"timestamp":"2018-08-22T22:05:39.406Z"}
info: ::1 {"timestamp":"2018-08-22T22:05:40.407Z"}
info: {"messageType":-1} {"timestamp":"2018-08-22T22:05:40.407Z"}
info: ::1 {"timestamp":"2018-08-22T22:05:41.411Z"}
info: {"messageType":-1} {"timestamp":"2018-08-22T22:05:41.411Z"}
info: ::1 {"timestamp":"2018-08-22T22:05:42.407Z"}
info: {"messageType":-1} {"timestamp":"2018-08-22T22:05:42.407Z"}
info: ::1 {"timestamp":"2018-08-22T22:05:43.407Z"}
info: {"messageType":-1} {"timestamp":"2018-08-22T22:05:43.407Z"}
info: ::1 {"timestamp":"2018-08-22T22:05:44.408Z"}
info: {"messageType":-1} {"timestamp":"2018-08-22T22:05:44.408Z"}
info: ::1 {"timestamp":"2018-08-22T22:05:45.415Z"}
info: {"messageType":-1} {"timestamp":"2018-08-22T22:05:45.415Z"}
info: ::1 {"timestamp":"2018-08-22T22:05:47.303Z"}
info: {"messageType":-1} {"timestamp":"2018-08-22T22:05:47.303Z"}
info: ::1 {"timestamp":"2018-08-22T22:05:49.045Z"}
info: {"messageType":-1} {"timestamp":"2018-08-22T22:05:49.045Z"}
info: ::1 {"timestamp":"2018-08-22T22:05:49.860Z"}
info: {"messageType":-1} {"timestamp":"2018-08-22T22:05:49.860Z"}
info: ::1 {"timestamp":"2018-08-22T22:05:50.691Z"}
info: {"messageType":-1} {"timestamp":"2018-08-22T22:05:50.692Z"}
info: ::1 {"timestamp":"2018-08-22T22:05:51.697Z"}
info: {"messageType":-1} {"timestamp":"2018-08-22T22:05:51.697Z"}
info: ::1 {"timestamp":"2018-08-22T22:05:52.690Z"}
info: {"messageType":-1} {"timestamp":"2018-08-22T22:05:52.690Z"}
info: ::1 {"timestamp":"2018-08-22T22:05:53.693Z"}
info: {"messageType":-1} {"timestamp":"2018-08-22T22:05:53.693Z"}
info: ::1 {"timestamp":"2018-08-22T22:05:54.689Z"}
info: {"messageType":-1} {"timestamp":"2018-08-22T22:05:54.689Z"}
info: ::1 {"timestamp":"2018-08-22T22:05:55.691Z"}
info: {"messageType":-1} {"timestamp":"2018-08-22T22:05:55.691Z"}
info: ::1 {"timestamp":"2018-08-22T22:05:56.695Z"}
info: {"messageType":-1} {"timestamp":"2018-08-22T22:05:56.695Z"}
info: ::1 {"timestamp":"2018-08-22T22:05:57.698Z"}
info: {"messageType":-1} {"timestamp":"2018-08-22T22:05:57.698Z"}
info: ::1 {"timestamp":"2018-08-22T22:05:58.694Z"}
info: {"messageType":-1} {"timestamp":"2018-08-22T22:05:58.694Z"}
info: ::1 {"timestamp":"2018-08-22T22:05:59.700Z"}
info: {"messageType":-1} {"timestamp":"2018-08-22T22:05:59.701Z"}
info: ::1 {"timestamp":"2018-08-22T22:06:00.702Z"}
info: {"messageType":-1} {"timestamp":"2018-08-22T22:06:00.702Z"}
info: ::1 {"timestamp":"2018-08-22T22:06:01.724Z"}
info: {"messageType":-1} {"timestamp":"2018-08-22T22:06:01.724Z"}
info: ::1 {"timestamp":"2018-08-22T22:06:02.697Z"}
info: {"messageType":-1} {"timestamp":"2018-08-22T22:06:02.697Z"}
info: ::1 {"timestamp":"2018-08-22T22:06:03.692Z"}
info: {"messageType":-1} {"timestamp":"2018-08-22T22:06:03.692Z"}
info: ::1 {"timestamp":"2018-08-22T22:06:04.695Z"}
info: {"messageType":-1} {"timestamp":"2018-08-22T22:06:04.695Z"}
info: ::1 {"timestamp":"2018-08-22T22:06:05.704Z"}
info: {"messageType":-1} {"timestamp":"2018-08-22T22:06:05.704Z"}
info: ::1 {"timestamp":"2018-08-22T22:06:06.704Z"}
info: {"messageType":-1} {"timestamp":"2018-08-22T22:06:06.704Z"}
info: ::1 {"timestamp":"2018-08-22T22:06:07.707Z"}
info: {"messageType":-1} {"timestamp":"2018-08-22T22:06:07.707Z"}
info: ::1 {"timestamp":"2018-08-22T22:06:08.704Z"}
info: {"messageType":-1} {"timestamp":"2018-08-22T22:06:08.704Z"}
info: ::1 {"timestamp":"2018-08-22T22:06:09.692Z"}
info: {"messageType":-1} {"timestamp":"2018-08-22T22:06:09.692Z"}
info: ::1 {"timestamp":"2018-08-22T22:06:10.691Z"}
info: {"messageType":-1} {"timestamp":"2018-08-22T22:06:10.691Z"}
info: ::1 {"timestamp":"2018-08-22T22:06:11.691Z"}
info: {"messageType":-1} {"timestamp":"2018-08-22T22:06:11.691Z"}
info: ::1 {"timestamp":"2018-08-22T22:06:12.692Z"}
info: {"messageType":-1} {"timestamp":"2018-08-22T22:06:12.692Z"}
info: ::1 {"timestamp":"2018-08-22T22:06:13.694Z"}
info: {"messageType":-1} {"timestamp":"2018-08-22T22:06:13.694Z"}
info: ::1 {"timestamp":"2018-08-22T22:06:14.696Z"}
info: {"messageType":-1} {"timestamp":"2018-08-22T22:06:14.696Z"}
info: ::1 {"timestamp":"2018-08-22T22:06:15.690Z"}
info: {"messageType":-1} {"timestamp":"2018-08-22T22:06:15.691Z"}
info: ::1 {"timestamp":"2018-08-22T22:06:16.690Z"}
info: {"messageType":-1} {"timestamp":"2018-08-22T22:06:16.690Z"}
info: ::1 {"timestamp":"2018-08-22T22:06:17.696Z"}
info: {"messageType":-1} {"timestamp":"2018-08-22T22:06:17.696Z"}
info: ::1 {"timestamp":"2018-08-22T22:06:18.694Z"}
info: {"messageType":-1} {"timestamp":"2018-08-22T22:06:18.695Z"}
info: ::1 {"timestamp":"2018-08-22T22:06:19.693Z"}
info: {"messageType":-1} {"timestamp":"2018-08-22T22:06:19.693Z"}
info: ::1 {"timestamp":"2018-08-22T22:06:20.700Z"}
info: {"messageType":-1} {"timestamp":"2018-08-22T22:06:20.700Z"}
info: ::1 {"timestamp":"2018-08-22T22:06:21.692Z"}
info: {"messageType":-1} {"timestamp":"2018-08-22T22:06:21.692Z"}
info: ::1 {"timestamp":"2018-08-22T22:06:22.692Z"}
info: {"messageType":-1} {"timestamp":"2018-08-22T22:06:22.692Z"}
info: ::1 {"timestamp":"2018-08-22T22:06:23.691Z"}
info: {"messageType":-1} {"timestamp":"2018-08-22T22:06:23.692Z"}
info: ::1 {"timestamp":"2018-08-22T22:06:24.693Z"}
info: {"messageType":-1} {"timestamp":"2018-08-22T22:06:24.693Z"}
info: ::1 {"timestamp":"2018-08-22T22:06:25.692Z"}
info: {"messageType":-1} {"timestamp":"2018-08-22T22:06:25.692Z"}
info: ::1 {"timestamp":"2018-08-22T22:06:26.692Z"}
info: {"messageType":-1} {"timestamp":"2018-08-22T22:06:26.692Z"}
info: ::1 {"timestamp":"2018-08-22T22:06:27.698Z"}
info: {"messageType":-1} {"timestamp":"2018-08-22T22:06:27.698Z"}
info: ::1 {"timestamp":"2018-08-22T22:06:28.691Z"}
info: {"messageType":-1} {"timestamp":"2018-08-22T22:06:28.692Z"}
info: ::1 {"timestamp":"2018-08-22T22:06:29.694Z"}
info: {"messageType":-1} {"timestamp":"2018-08-22T22:06:29.694Z"}
info: ::1 {"timestamp":"2018-08-22T22:06:30.699Z"}
info: {"messageType":-1} {"timestamp":"2018-08-22T22:06:30.699Z"}
info: ::1 {"timestamp":"2018-08-22T22:06:31.693Z"}
info: {"messageType":-1} {"timestamp":"2018-08-22T22:06:31.693Z"}
info: ::1 {"timestamp":"2018-08-22T22:06:32.698Z"}
info: {"messageType":-1} {"timestamp":"2018-08-22T22:06:32.698Z"}
info: ::1 {"timestamp":"2018-08-22T22:06:33.699Z"}
info: {"messageType":-1} {"timestamp":"2018-08-22T22:06:33.699Z"}
info: ::1 {"timestamp":"2018-08-22T22:06:34.698Z"}
info: {"messageType":-1} {"timestamp":"2018-08-22T22:06:34.698Z"}
info: ::1 {"timestamp":"2018-08-22T22:06:35.701Z"}
info: {"messageType":-1} {"timestamp":"2018-08-22T22:06:35.701Z"}
info: ::1 {"timestamp":"2018-08-22T22:06:36.702Z"}
info: {"messageType":-1} {"timestamp":"2018-08-22T22:06:36.702Z"}
info: ::1 {"timestamp":"2018-08-22T22:06:37.702Z"}
info: {"messageType":-1} {"timestamp":"2018-08-22T22:06:37.702Z"}
info: ::1 {"timestamp":"2018-08-22T22:06:38.692Z"}
info: {"messageType":-1} {"timestamp":"2018-08-22T22:06:38.693Z"}
info: ::1 {"timestamp":"2018-08-22T22:06:39.696Z"}
info: {"messageType":-1} {"timestamp":"2018-08-22T22:06:39.696Z"}
info: ::1 {"timestamp":"2018-08-22T22:06:40.694Z"}
info: {"messageType":-1} {"timestamp":"2018-08-22T22:06:40.695Z"}
info: ::1 {"timestamp":"2018-08-22T22:06:41.695Z"}
info: {"messageType":-1} {"timestamp":"2018-08-22T22:06:41.695Z"}
info: ::1 {"timestamp":"2018-08-22T22:06:42.694Z"}
info: {"messageType":-1} {"timestamp":"2018-08-22T22:06:42.694Z"}
info: ::1 {"timestamp":"2018-08-22T22:06:43.695Z"}
info: {"messageType":-1} {"timestamp":"2018-08-22T22:06:43.695Z"}
info: ::1 {"timestamp":"2018-08-22T22:06:44.697Z"}
info: {"messageType":-1} {"timestamp":"2018-08-22T22:06:44.697Z"}
info: ::1 {"timestamp":"2018-08-22T22:06:45.692Z"}
info: {"messageType":-1} {"timestamp":"2018-08-22T22:06:45.692Z"}
info: ::1 {"timestamp":"2018-08-22T22:06:46.692Z"}
info: {"messageType":-1} {"timestamp":"2018-08-22T22:06:46.693Z"}
info: ::1 {"timestamp":"2018-08-22T22:06:47.699Z"}
info: {"messageType":-1} {"timestamp":"2018-08-22T22:06:47.699Z"}
info: ::1 {"timestamp":"2018-08-22T22:06:48.693Z"}
info: {"messageType":-1} {"timestamp":"2018-08-22T22:06:48.693Z"}
info: ::1 {"timestamp":"2018-08-22T22:06:49.693Z"}
info: {"messageType":-1} {"timestamp":"2018-08-22T22:06:49.693Z"}
info: ::1 {"timestamp":"2018-08-22T22:06:50.702Z"}
info: {"messageType":-1} {"timestamp":"2018-08-22T22:06:50.702Z"}
info: ::1 {"timestamp":"2018-08-22T22:06:51.693Z"}
info: {"messageType":-1} {"timestamp":"2018-08-22T22:06:51.693Z"}
info: ::1 {"timestamp":"2018-08-22T22:06:52.697Z"}
info: {"messageType":-1} {"timestamp":"2018-08-22T22:06:52.697Z"}
info: ::1 {"timestamp":"2018-08-22T22:06:53.691Z"}
info: {"messageType":-1} {"timestamp":"2018-08-22T22:06:53.691Z"}
info: ::1 {"timestamp":"2018-08-22T22:06:54.690Z"}
info: {"messageType":-1} {"timestamp":"2018-08-22T22:06:54.691Z"}
info: ::1 {"timestamp":"2018-08-22T22:06:55.691Z"}
info: {"messageType":-1} {"timestamp":"2018-08-22T22:06:55.691Z"}
info: ::1 {"timestamp":"2018-08-22T22:06:56.693Z"}
info: {"messageType":-1} {"timestamp":"2018-08-22T22:06:56.694Z"}
info: ::1 {"timestamp":"2018-08-22T22:06:57.694Z"}
info: {"messageType":-1} {"timestamp":"2018-08-22T22:06:57.694Z"}
info: ::1 {"timestamp":"2018-08-22T22:06:58.691Z"}
info: {"messageType":-1} {"timestamp":"2018-08-22T22:06:58.691Z"}
info: ::1 {"timestamp":"2018-08-22T22:06:59.694Z"}
info: {"messageType":-1} {"timestamp":"2018-08-22T22:06:59.694Z"}
info: ::1 {"timestamp":"2018-08-22T22:07:00.698Z"}
info: {"messageType":-1} {"timestamp":"2018-08-22T22:07:00.698Z"}
info: ::1 {"timestamp":"2018-08-22T22:07:01.703Z"}
info: {"messageType":-1} {"timestamp":"2018-08-22T22:07:01.703Z"}
info: ::1 {"timestamp":"2018-08-22T22:07:02.695Z"}
info: {"messageType":-1} {"timestamp":"2018-08-22T22:07:02.695Z"}
info: ::1 {"timestamp":"2018-08-22T22:07:03.701Z"}
info: {"messageType":-1} {"timestamp":"2018-08-22T22:07:03.701Z"}
info: ::1 {"timestamp":"2018-08-22T22:07:04.697Z"}
info: {"messageType":-1} {"timestamp":"2018-08-22T22:07:04.698Z"}
info: ::1 {"timestamp":"2018-08-22T22:07:05.695Z"}
info: {"messageType":-1} {"timestamp":"2018-08-22T22:07:05.695Z"}
info: ::1 {"timestamp":"2018-08-22T22:07:06.695Z"}
info: {"messageType":-1} {"timestamp":"2018-08-22T22:07:06.695Z"}
info: ::1 {"timestamp":"2018-08-22T22:07:07.700Z"}
info: {"messageType":-1} {"timestamp":"2018-08-22T22:07:07.700Z"}
info: ::1 {"timestamp":"2018-08-22T22:07:08.697Z"}
info: {"messageType":-1} {"timestamp":"2018-08-22T22:07:08.697Z"}
info: ::1 {"timestamp":"2018-08-22T22:07:09.712Z"}
info: {"messageType":-1} {"timestamp":"2018-08-22T22:07:09.712Z"}
info: ::1 {"timestamp":"2018-08-22T22:07:10.707Z"}
info: {"messageType":-1} {"timestamp":"2018-08-22T22:07:10.707Z"}
info: ::1 {"timestamp":"2018-08-22T22:07:11.697Z"}
info: {"messageType":-1} {"timestamp":"2018-08-22T22:07:11.698Z"}
info: ::1 {"timestamp":"2018-08-22T22:07:12.694Z"}
info: {"messageType":-1} {"timestamp":"2018-08-22T22:07:12.694Z"}
info: ::1 {"timestamp":"2018-08-22T22:07:13.695Z"}
info: {"messageType":-1} {"timestamp":"2018-08-22T22:07:13.695Z"}
info: ::1 {"timestamp":"2018-08-22T22:07:14.695Z"}
info: {"messageType":-1} {"timestamp":"2018-08-22T22:07:14.695Z"}
info: ::1 {"timestamp":"2018-08-22T22:07:15.694Z"}
info: {"messageType":-1} {"timestamp":"2018-08-22T22:07:15.694Z"}
info: ::1 {"timestamp":"2018-08-22T22:07:16.696Z"}
info: {"messageType":-1} {"timestamp":"2018-08-22T22:07:16.697Z"}
info: ::1 {"timestamp":"2018-08-22T22:07:17.696Z"}
info: {"messageType":-1} {"timestamp":"2018-08-22T22:07:17.696Z"}
info: ::1 {"timestamp":"2018-08-22T22:07:18.694Z"}
info: {"messageType":-1} {"timestamp":"2018-08-22T22:07:18.694Z"}
info: ::1 {"timestamp":"2018-08-22T22:07:19.692Z"}
info: {"messageType":-1} {"timestamp":"2018-08-22T22:07:19.692Z"}
info: ::1 {"timestamp":"2018-08-22T22:07:20.692Z"}
info: {"messageType":-1} {"timestamp":"2018-08-22T22:07:20.692Z"}
info: ::1 {"timestamp":"2018-08-22T22:07:21.694Z"}
info: {"messageType":-1} {"timestamp":"2018-08-22T22:07:21.695Z"}
info: ::1 {"timestamp":"2018-08-22T22:07:22.695Z"}
info: {"messageType":-1} {"timestamp":"2018-08-22T22:07:22.695Z"}
info: ::1 {"timestamp":"2018-08-22T22:07:23.697Z"}
info: {"messageType":-1} {"timestamp":"2018-08-22T22:07:23.697Z"}
info: ::1 {"timestamp":"2018-08-22T22:07:24.706Z"}
info: {"messageType":-1} {"timestamp":"2018-08-22T22:07:24.706Z"}
info: ::1 {"timestamp":"2018-08-22T22:07:25.693Z"}
info: {"messageType":-1} {"timestamp":"2018-08-22T22:07:25.693Z"}
info: ::1 {"timestamp":"2018-08-22T22:07:26.693Z"}
info: {"messageType":-1} {"timestamp":"2018-08-22T22:07:26.693Z"}
info: ::1 {"timestamp":"2018-08-22T22:07:27.694Z"}
info: {"messageType":-1} {"timestamp":"2018-08-22T22:07:27.694Z"}
info: ::1 {"timestamp":"2018-08-22T22:07:28.694Z"}
info: {"messageType":-1} {"timestamp":"2018-08-22T22:07:28.694Z"}
info: ::1 {"timestamp":"2018-08-22T22:07:29.694Z"}
info: {"messageType":-1} {"timestamp":"2018-08-22T22:07:29.694Z"}
info: ::1 {"timestamp":"2018-08-22T22:07:30.694Z"}
info: {"messageType":-1} {"timestamp":"2018-08-22T22:07:30.694Z"}
info: ::1 {"timestamp":"2018-08-22T22:07:31.714Z"}
info: {"messageType":-1} {"timestamp":"2018-08-22T22:07:31.714Z"}
info: ::1 {"timestamp":"2018-08-22T22:07:32.702Z"}
info: {"messageType":-1} {"timestamp":"2018-08-22T22:07:32.702Z"}
info: ::1 {"timestamp":"2018-08-22T22:07:33.695Z"}
info: {"messageType":-1} {"timestamp":"2018-08-22T22:07:33.695Z"}
info: ::1 {"timestamp":"2018-08-22T22:07:34.694Z"}
info: {"messageType":-1} {"timestamp":"2018-08-22T22:07:34.694Z"}
info: ::1 {"timestamp":"2018-08-22T22:07:35.690Z"}
info: {"messageType":-1} {"timestamp":"2018-08-22T22:07:35.690Z"}
info: ::1 {"timestamp":"2018-08-22T22:07:36.693Z"}
info: {"messageType":-1} {"timestamp":"2018-08-22T22:07:36.693Z"}
info: ::1 {"timestamp":"2018-08-22T22:07:37.692Z"}
info: {"messageType":-1} {"timestamp":"2018-08-22T22:07:37.693Z"}
info: ::1 {"timestamp":"2018-08-22T22:07:38.690Z"}
info: {"messageType":-1} {"timestamp":"2018-08-22T22:07:38.690Z"}
info: ::1 {"timestamp":"2018-08-22T22:07:39.691Z"}
info: {"messageType":-1} {"timestamp":"2018-08-22T22:07:39.691Z"}
info: ::1 {"timestamp":"2018-08-22T22:07:40.694Z"}
info: {"messageType":-1} {"timestamp":"2018-08-22T22:07:40.695Z"}
info: ::1 {"timestamp":"2018-08-22T22:07:41.694Z"}
info: {"messageType":-1} {"timestamp":"2018-08-22T22:07:41.694Z"}
info: ::1 {"timestamp":"2018-08-22T22:07:42.714Z"}
info: {"messageType":-1} {"timestamp":"2018-08-22T22:07:42.714Z"}
info: ::1 {"timestamp":"2018-08-22T22:07:43.691Z"}
info: {"messageType":-1} {"timestamp":"2018-08-22T22:07:43.692Z"}
info: ::1 {"timestamp":"2018-08-22T22:07:44.694Z"}
info: {"messageType":-1} {"timestamp":"2018-08-22T22:07:44.694Z"}
info: ::1 {"timestamp":"2018-08-22T22:07:45.692Z"}
info: {"messageType":-1} {"timestamp":"2018-08-22T22:07:45.692Z"}
info: ::1 {"timestamp":"2018-08-22T22:07:46.692Z"}
info: {"messageType":-1} {"timestamp":"2018-08-22T22:07:46.692Z"}
info: ::1 {"timestamp":"2018-08-22T22:07:47.696Z"}
info: {"messageType":-1} {"timestamp":"2018-08-22T22:07:47.696Z"}
info: ::1 {"timestamp":"2018-08-22T22:07:48.688Z"}
info: {"messageType":-1} {"timestamp":"2018-08-22T22:07:48.688Z"}
info: ::1 {"timestamp":"2018-08-22T22:07:49.703Z"}
info: {"messageType":-1} {"timestamp":"2018-08-22T22:07:49.703Z"}
info: ::1 {"timestamp":"2018-08-22T22:07:50.703Z"}
info: {"messageType":-1} {"timestamp":"2018-08-22T22:07:50.703Z"}
info: ::1 {"timestamp":"2018-08-22T22:07:51.697Z"}
info: {"messageType":-1} {"timestamp":"2018-08-22T22:07:51.697Z"}
info: ::1 {"timestamp":"2018-08-22T22:07:52.693Z"}
info: {"messageType":-1} {"timestamp":"2018-08-22T22:07:52.693Z"}
info: ::1 {"timestamp":"2018-08-22T22:07:53.697Z"}
info: {"messageType":-1} {"timestamp":"2018-08-22T22:07:53.697Z"}
info: ::1 {"timestamp":"2018-08-22T22:07:54.699Z"}
info: {"messageType":-1} {"timestamp":"2018-08-22T22:07:54.699Z"}
info: ::1 {"timestamp":"2018-08-22T22:07:55.697Z"}
info: {"messageType":-1} {"timestamp":"2018-08-22T22:07:55.697Z"}
info: ::1 {"timestamp":"2018-08-22T22:07:56.691Z"}
info: {"messageType":-1} {"timestamp":"2018-08-22T22:07:56.692Z"}
info: ::1 {"timestamp":"2018-08-22T22:07:57.697Z"}
info: {"messageType":-1} {"timestamp":"2018-08-22T22:07:57.697Z"}
info: ::1 {"timestamp":"2018-08-22T22:07:58.693Z"}
info: {"messageType":-1} {"timestamp":"2018-08-22T22:07:58.693Z"}
info: ::1 {"timestamp":"2018-08-22T22:07:59.695Z"}
info: {"messageType":-1} {"timestamp":"2018-08-22T22:07:59.695Z"}
info: ::1 {"timestamp":"2018-08-22T22:08:00.693Z"}
info: {"messageType":-1} {"timestamp":"2018-08-22T22:08:00.693Z"}
info: ::1 {"timestamp":"2018-08-22T22:08:01.691Z"}
info: {"messageType":-1} {"timestamp":"2018-08-22T22:08:01.691Z"}
info: ::1 {"timestamp":"2018-08-22T22:08:02.693Z"}
info: {"messageType":-1} {"timestamp":"2018-08-22T22:08:02.693Z"}
info: ::1 {"timestamp":"2018-08-22T22:08:03.698Z"}
info: {"messageType":-1} {"timestamp":"2018-08-22T22:08:03.698Z"}
info: ::1 {"timestamp":"2018-08-22T22:08:04.694Z"}
info: {"messageType":-1} {"timestamp":"2018-08-22T22:08:04.694Z"}
info: ::1 {"timestamp":"2018-08-22T22:08:05.704Z"}
info: {"messageType":-1} {"timestamp":"2018-08-22T22:08:05.704Z"}
info: ::1 {"timestamp":"2018-08-22T22:08:06.699Z"}
info: {"messageType":-1} {"timestamp":"2018-08-22T22:08:06.700Z"}
info: ::1 {"timestamp":"2018-08-22T22:08:07.699Z"}
info: {"messageType":-1} {"timestamp":"2018-08-22T22:08:07.699Z"}
info: ::1 {"timestamp":"2018-08-22T22:08:08.710Z"}
info: {"messageType":-1} {"timestamp":"2018-08-22T22:08:08.710Z"}
info: ::1 {"timestamp":"2018-08-22T22:08:09.691Z"}
info: {"messageType":-1} {"timestamp":"2018-08-22T22:08:09.692Z"}
info: ::1 {"timestamp":"2018-08-22T22:08:10.690Z"}
info: {"messageType":-1} {"timestamp":"2018-08-22T22:08:10.690Z"}
info: ::1 {"timestamp":"2018-08-22T22:08:11.690Z"}
info: {"messageType":-1} {"timestamp":"2018-08-22T22:08:11.690Z"}
info: ::1 {"timestamp":"2018-08-22T22:08:12.692Z"}
info: {"messageType":-1} {"timestamp":"2018-08-22T22:08:12.692Z"}
info: ::1 {"timestamp":"2018-08-22T22:08:13.693Z"}
info: {"messageType":-1} {"timestamp":"2018-08-22T22:08:13.693Z"}
info: ::1 {"timestamp":"2018-08-22T22:08:14.690Z"}
info: {"messageType":-1} {"timestamp":"2018-08-22T22:08:14.690Z"}
info: ::1 {"timestamp":"2018-08-22T22:08:15.693Z"}
info: {"messageType":-1} {"timestamp":"2018-08-22T22:08:15.693Z"}
info: ::1 {"timestamp":"2018-08-22T22:08:16.691Z"}
info: {"messageType":-1} {"timestamp":"2018-08-22T22:08:16.691Z"}
info: ::1 {"timestamp":"2018-08-22T22:08:17.694Z"}
info: {"messageType":-1} {"timestamp":"2018-08-22T22:08:17.694Z"}
info: ::1 {"timestamp":"2018-08-22T22:08:18.698Z"}
info: {"messageType":-1} {"timestamp":"2018-08-22T22:08:18.698Z"}
info: ::1 {"timestamp":"2018-08-22T22:08:19.694Z"}
info: {"messageType":-1} {"timestamp":"2018-08-22T22:08:19.694Z"}
info: ::1 {"timestamp":"2018-08-22T22:08:20.732Z"}
info: {"messageType":-1} {"timestamp":"2018-08-22T22:08:20.732Z"}
info: ::1 {"timestamp":"2018-08-22T22:08:21.693Z"}
info: {"messageType":-1} {"timestamp":"2018-08-22T22:08:21.693Z"}
info: ::1 {"timestamp":"2018-08-22T22:08:22.699Z"}
info: {"messageType":-1} {"timestamp":"2018-08-22T22:08:22.699Z"}
info: ::1 {"timestamp":"2018-08-22T22:08:23.693Z"}
info: {"messageType":-1} {"timestamp":"2018-08-22T22:08:23.693Z"}
info: ::1 {"timestamp":"2018-08-22T22:08:24.694Z"}
info: {"messageType":-1} {"timestamp":"2018-08-22T22:08:24.694Z"}
info: ::1 {"timestamp":"2018-08-22T22:08:25.714Z"}
info: {"messageType":-1} {"timestamp":"2018-08-22T22:08:25.714Z"}
info: ::1 {"timestamp":"2018-08-22T22:08:26.692Z"}
info: {"messageType":-1} {"timestamp":"2018-08-22T22:08:26.692Z"}
info: ::1 {"timestamp":"2018-08-22T22:08:27.712Z"}
info: {"messageType":-1} {"timestamp":"2018-08-22T22:08:27.712Z"}
info: ::1 {"timestamp":"2018-08-22T22:08:28.696Z"}
info: {"messageType":-1} {"timestamp":"2018-08-22T22:08:28.697Z"}
info: ::1 {"timestamp":"2018-08-22T22:08:29.689Z"}
info: {"messageType":-1} {"timestamp":"2018-08-22T22:08:29.689Z"}
info: ::1 {"timestamp":"2018-08-22T22:08:30.702Z"}
info: {"messageType":-1} {"timestamp":"2018-08-22T22:08:30.702Z"}
info: ::1 {"timestamp":"2018-08-22T22:08:31.694Z"}
info: {"messageType":-1} {"timestamp":"2018-08-22T22:08:31.694Z"}
info: ::1 {"timestamp":"2018-08-22T22:08:32.694Z"}
info: {"messageType":-1} {"timestamp":"2018-08-22T22:08:32.694Z"}
info: ::1 {"timestamp":"2018-08-22T22:08:33.691Z"}
info: {"messageType":-1} {"timestamp":"2018-08-22T22:08:33.691Z"}
info: ::1 {"timestamp":"2018-08-22T22:08:34.694Z"}
info: {"messageType":-1} {"timestamp":"2018-08-22T22:08:34.694Z"}
info: ::1 {"timestamp":"2018-08-22T22:08:35.693Z"}
info: {"messageType":-1} {"timestamp":"2018-08-22T22:08:35.693Z"}
info: ::1 {"timestamp":"2018-08-22T22:08:36.691Z"}
info: {"messageType":-1} {"timestamp":"2018-08-22T22:08:36.691Z"}
info: ::1 {"timestamp":"2018-08-22T22:08:37.691Z"}
info: {"messageType":-1} {"timestamp":"2018-08-22T22:08:37.691Z"}
info: ::1 {"timestamp":"2018-08-22T22:08:38.695Z"}
info: {"messageType":-1} {"timestamp":"2018-08-22T22:08:38.695Z"}
info: ::1 {"timestamp":"2018-08-22T22:08:39.693Z"}
info: {"messageType":-1} {"timestamp":"2018-08-22T22:08:39.693Z"}
info: ::1 {"timestamp":"2018-08-22T22:08:40.693Z"}
info: {"messageType":-1} {"timestamp":"2018-08-22T22:08:40.693Z"}
info: ::1 {"timestamp":"2018-08-22T22:08:41.690Z"}
info: {"messageType":-1} {"timestamp":"2018-08-22T22:08:41.690Z"}
info: ::1 {"timestamp":"2018-08-22T22:08:42.698Z"}
info: {"messageType":-1} {"timestamp":"2018-08-22T22:08:42.698Z"}
info: ::1 {"timestamp":"2018-08-22T22:08:43.733Z"}
info: {"messageType":-1} {"timestamp":"2018-08-22T22:08:43.733Z"}
info: ::1 {"timestamp":"2018-08-22T22:08:44.697Z"}
info: {"messageType":-1} {"timestamp":"2018-08-22T22:08:44.697Z"}
info: ::1 {"timestamp":"2018-08-22T22:08:45.693Z"}
info: {"messageType":-1} {"timestamp":"2018-08-22T22:08:45.693Z"}
info: ::1 {"timestamp":"2018-08-22T22:08:46.693Z"}
info: {"messageType":-1} {"timestamp":"2018-08-22T22:08:46.693Z"}
info: ::1 {"timestamp":"2018-08-22T22:08:47.696Z"}
info: {"messageType":-1} {"timestamp":"2018-08-22T22:08:47.696Z"}
info: ::1 {"timestamp":"2018-08-22T22:08:48.695Z"}
info: {"messageType":-1} {"timestamp":"2018-08-22T22:08:48.696Z"}
info: ::1 {"timestamp":"2018-08-22T22:08:49.707Z"}
info: {"messageType":-1} {"timestamp":"2018-08-22T22:08:49.707Z"}
info: ::1 {"timestamp":"2018-08-22T22:08:50.695Z"}
info: {"messageType":-1} {"timestamp":"2018-08-22T22:08:50.695Z"}
info: ::1 {"timestamp":"2018-08-22T22:08:51.691Z"}
info: {"messageType":-1} {"timestamp":"2018-08-22T22:08:51.691Z"}
info: ::1 {"timestamp":"2018-08-22T22:08:52.691Z"}
info: {"messageType":-1} {"timestamp":"2018-08-22T22:08:52.692Z"}
info: ::1 {"timestamp":"2018-08-22T22:08:53.690Z"}
info: {"messageType":-1} {"timestamp":"2018-08-22T22:08:53.690Z"}
info: ::1 {"timestamp":"2018-08-22T22:08:54.692Z"}
info: {"messageType":-1} {"timestamp":"2018-08-22T22:08:54.692Z"}
info: ::1 {"timestamp":"2018-08-22T22:08:55.695Z"}
info: {"messageType":-1} {"timestamp":"2018-08-22T22:08:55.695Z"}
info: ::1 {"timestamp":"2018-08-22T22:08:56.696Z"}
info: {"messageType":-1} {"timestamp":"2018-08-22T22:08:56.696Z"}
info: ::1 {"timestamp":"2018-08-22T22:08:57.696Z"}
info: {"messageType":-1} {"timestamp":"2018-08-22T22:08:57.696Z"}
info: ::1 {"timestamp":"2018-08-22T22:08:58.697Z"}
info: {"messageType":-1} {"timestamp":"2018-08-22T22:08:58.697Z"}
info: ::1 {"timestamp":"2018-08-22T22:08:59.696Z"}
info: {"messageType":-1} {"timestamp":"2018-08-22T22:08:59.696Z"}
info: ::1 {"timestamp":"2018-08-22T22:09:00.700Z"}
info: {"messageType":-1} {"timestamp":"2018-08-22T22:09:00.700Z"}
info: ::1 {"timestamp":"2018-08-22T22:09:01.698Z"}
info: {"messageType":-1} {"timestamp":"2018-08-22T22:09:01.698Z"}
info: ::1 {"timestamp":"2018-08-22T22:09:02.705Z"}
info: {"messageType":-1} {"timestamp":"2018-08-22T22:09:02.706Z"}
info: ::1 {"timestamp":"2018-08-22T22:09:03.701Z"}
info: {"messageType":-1} {"timestamp":"2018-08-22T22:09:03.702Z"}
info: ::1 {"timestamp":"2018-08-22T22:09:04.698Z"}
info: {"messageType":-1} {"timestamp":"2018-08-22T22:09:04.698Z"}
info: ::1 {"timestamp":"2018-08-22T22:09:05.705Z"}
info: {"messageType":-1} {"timestamp":"2018-08-22T22:09:05.705Z"}
info: ::1 {"timestamp":"2018-08-22T22:09:06.698Z"}
info: {"messageType":-1} {"timestamp":"2018-08-22T22:09:06.698Z"}
info: ::1 {"timestamp":"2018-08-22T22:09:07.698Z"}
info: {"messageType":-1} {"timestamp":"2018-08-22T22:09:07.698Z"}
info: ::1 {"timestamp":"2018-08-22T22:09:08.698Z"}
info: {"messageType":-1} {"timestamp":"2018-08-22T22:09:08.698Z"}
info: ::1 {"timestamp":"2018-08-22T22:09:09.703Z"}
info: {"messageType":-1} {"timestamp":"2018-08-22T22:09:09.704Z"}
info: ::1 {"timestamp":"2018-08-22T22:09:10.695Z"}
info: {"messageType":-1} {"timestamp":"2018-08-22T22:09:10.696Z"}
info: ::1 {"timestamp":"2018-08-22T22:09:11.696Z"}
info: {"messageType":-1} {"timestamp":"2018-08-22T22:09:11.696Z"}
info: ::1 {"timestamp":"2018-08-22T22:09:12.698Z"}
info: {"messageType":-1} {"timestamp":"2018-08-22T22:09:12.698Z"}
info: ::1 {"timestamp":"2018-08-22T22:09:13.696Z"}
info: {"messageType":-1} {"timestamp":"2018-08-22T22:09:13.696Z"}
info: ::1 {"timestamp":"2018-08-22T22:09:14.717Z"}
info: {"messageType":-1} {"timestamp":"2018-08-22T22:09:14.717Z"}
info: ::1 {"timestamp":"2018-08-22T22:09:15.695Z"}
info: {"messageType":-1} {"timestamp":"2018-08-22T22:09:15.695Z"}
info: ::1 {"timestamp":"2018-08-22T22:09:16.695Z"}
info: {"messageType":-1} {"timestamp":"2018-08-22T22:09:16.695Z"}
info: ::1 {"timestamp":"2018-08-22T22:09:17.697Z"}
info: {"messageType":-1} {"timestamp":"2018-08-22T22:09:17.697Z"}
info: ::1 {"timestamp":"2018-08-22T22:09:18.698Z"}
info: {"messageType":-1} {"timestamp":"2018-08-22T22:09:18.699Z"}
info: ::1 {"timestamp":"2018-08-22T22:09:19.701Z"}
info: {"messageType":-1} {"timestamp":"2018-08-22T22:09:19.701Z"}
info: ::1 {"timestamp":"2018-08-22T22:09:20.698Z"}
info: {"messageType":-1} {"timestamp":"2018-08-22T22:09:20.699Z"}
info: ::1 {"timestamp":"2018-08-22T22:09:21.699Z"}
info: {"messageType":-1} {"timestamp":"2018-08-22T22:09:21.699Z"}
info: ::1 {"timestamp":"2018-08-22T22:09:22.700Z"}
info: {"messageType":-1} {"timestamp":"2018-08-22T22:09:22.700Z"}
info: ::1 {"timestamp":"2018-08-22T22:09:23.697Z"}
info: {"messageType":-1} {"timestamp":"2018-08-22T22:09:23.697Z"}
info: ::1 {"timestamp":"2018-08-22T22:09:24.696Z"}
info: {"messageType":-1} {"timestamp":"2018-08-22T22:09:24.696Z"}
info: ::1 {"timestamp":"2018-08-22T22:09:25.706Z"}
info: {"messageType":-1} {"timestamp":"2018-08-22T22:09:25.706Z"}
info: ::1 {"timestamp":"2018-08-22T22:09:26.695Z"}
info: {"messageType":-1} {"timestamp":"2018-08-22T22:09:26.695Z"}
info: ::1 {"timestamp":"2018-08-22T22:09:27.698Z"}
info: {"messageType":-1} {"timestamp":"2018-08-22T22:09:27.698Z"}
info: ::1 {"timestamp":"2018-08-22T22:09:28.700Z"}
info: {"messageType":-1} {"timestamp":"2018-08-22T22:09:28.700Z"}
info: ::1 {"timestamp":"2018-08-22T22:09:29.699Z"}
info: {"messageType":-1} {"timestamp":"2018-08-22T22:09:29.699Z"}
info: ::1 {"timestamp":"2018-08-22T22:09:30.702Z"}
info: {"messageType":-1} {"timestamp":"2018-08-22T22:09:30.702Z"}
info: ::1 {"timestamp":"2018-08-22T22:09:31.701Z"}
info: {"messageType":-1} {"timestamp":"2018-08-22T22:09:31.701Z"}
info: ::1 {"timestamp":"2018-08-22T22:09:32.704Z"}
info: {"messageType":-1} {"timestamp":"2018-08-22T22:09:32.704Z"}
info: ::1 {"timestamp":"2018-08-22T22:09:33.697Z"}
info: {"messageType":-1} {"timestamp":"2018-08-22T22:09:33.697Z"}
info: ::1 {"timestamp":"2018-08-22T22:09:34.698Z"}
info: {"messageType":-1} {"timestamp":"2018-08-22T22:09:34.698Z"}
info: ::1 {"timestamp":"2018-08-22T22:09:35.699Z"}
info: {"messageType":-1} {"timestamp":"2018-08-22T22:09:35.699Z"}
info: ::1 {"timestamp":"2018-08-22T22:09:36.698Z"}
info: {"messageType":-1} {"timestamp":"2018-08-22T22:09:36.699Z"}
info: ::1 {"timestamp":"2018-08-22T22:09:37.695Z"}
info: {"messageType":-1} {"timestamp":"2018-08-22T22:09:37.695Z"}
info: ::1 {"timestamp":"2018-08-22T22:09:38.702Z"}
info: {"messageType":-1} {"timestamp":"2018-08-22T22:09:38.702Z"}
info: ::1 {"timestamp":"2018-08-22T22:09:39.696Z"}
info: {"messageType":-1} {"timestamp":"2018-08-22T22:09:39.696Z"}
info: ::1 {"timestamp":"2018-08-22T22:09:40.701Z"}
info: {"messageType":-1} {"timestamp":"2018-08-22T22:09:40.701Z"}
info: ::1 {"timestamp":"2018-08-22T22:09:41.697Z"}
info: {"messageType":-1} {"timestamp":"2018-08-22T22:09:41.698Z"}
info: ::1 {"timestamp":"2018-08-22T22:09:42.698Z"}
info: {"messageType":-1} {"timestamp":"2018-08-22T22:09:42.698Z"}
info: ::1 {"timestamp":"2018-08-22T22:09:43.697Z"}
info: {"messageType":-1} {"timestamp":"2018-08-22T22:09:43.698Z"}
info: ::1 {"timestamp":"2018-08-22T22:09:44.699Z"}
info: {"messageType":-1} {"timestamp":"2018-08-22T22:09:44.699Z"}
info: ::1 {"timestamp":"2018-08-22T22:09:45.697Z"}
info: {"messageType":-1} {"timestamp":"2018-08-22T22:09:45.697Z"}
info: ::1 {"timestamp":"2018-08-22T22:09:46.700Z"}
info: {"messageType":-1} {"timestamp":"2018-08-22T22:09:46.700Z"}
info: ::1 {"timestamp":"2018-08-22T22:09:47.701Z"}
info: {"messageType":-1} {"timestamp":"2018-08-22T22:09:47.701Z"}
info: ::1 {"timestamp":"2018-08-22T22:09:48.698Z"}
info: {"messageType":-1} {"timestamp":"2018-08-22T22:09:48.698Z"}
info: ::1 {"timestamp":"2018-08-22T22:09:49.701Z"}
info: {"messageType":-1} {"timestamp":"2018-08-22T22:09:49.701Z"}
info: ::1 {"timestamp":"2018-08-22T22:09:50.698Z"}
info: {"messageType":-1} {"timestamp":"2018-08-22T22:09:50.698Z"}
info: ::1 {"timestamp":"2018-08-22T22:09:51.699Z"}
info: {"messageType":-1} {"timestamp":"2018-08-22T22:09:51.699Z"}
info: ::1 {"timestamp":"2018-08-22T22:09:52.701Z"}
info: {"messageType":-1} {"timestamp":"2018-08-22T22:09:52.701Z"}
info: ::1 {"timestamp":"2018-08-22T22:09:53.701Z"}
info: {"messageType":-1} {"timestamp":"2018-08-22T22:09:53.701Z"}
info: ::1 {"timestamp":"2018-08-22T22:09:54.713Z"}
info: {"messageType":-1} {"timestamp":"2018-08-22T22:09:54.713Z"}
info: ::1 {"timestamp":"2018-08-22T22:09:55.700Z"}
info: {"messageType":-1} {"timestamp":"2018-08-22T22:09:55.700Z"}
info: ::1 {"timestamp":"2018-08-22T22:09:56.698Z"}
info: {"messageType":-1} {"timestamp":"2018-08-22T22:09:56.699Z"}
info: ::1 {"timestamp":"2018-08-22T22:09:57.699Z"}
info: {"messageType":-1} {"timestamp":"2018-08-22T22:09:57.699Z"}
info: ::1 {"timestamp":"2018-08-22T22:09:58.698Z"}
info: {"messageType":-1} {"timestamp":"2018-08-22T22:09:58.698Z"}
info: ::1 {"timestamp":"2018-08-22T22:09:59.701Z"}
info: {"messageType":-1} {"timestamp":"2018-08-22T22:09:59.701Z"}
info: ::1 {"timestamp":"2018-08-22T22:10:00.702Z"}
info: {"messageType":-1} {"timestamp":"2018-08-22T22:10:00.702Z"}
info: ::1 {"timestamp":"2018-08-22T22:10:01.698Z"}
info: {"messageType":-1} {"timestamp":"2018-08-22T22:10:01.698Z"}
info: ::1 {"timestamp":"2018-08-22T22:10:02.699Z"}
info: {"messageType":-1} {"timestamp":"2018-08-22T22:10:02.699Z"}
info: ::1 {"timestamp":"2018-08-22T22:10:03.703Z"}
info: {"messageType":-1} {"timestamp":"2018-08-22T22:10:03.703Z"}
info: ::1 {"timestamp":"2018-08-22T22:10:04.700Z"}
info: {"messageType":-1} {"timestamp":"2018-08-22T22:10:04.700Z"}
info: ::1 {"timestamp":"2018-08-22T22:10:05.702Z"}
info: {"messageType":-1} {"timestamp":"2018-08-22T22:10:05.702Z"}
info: ::1 {"timestamp":"2018-08-22T22:10:06.706Z"}
info: {"messageType":-1} {"timestamp":"2018-08-22T22:10:06.706Z"}
info: ::1 {"timestamp":"2018-08-22T22:10:07.700Z"}
info: {"messageType":-1} {"timestamp":"2018-08-22T22:10:07.700Z"}
info: ::1 {"timestamp":"2018-08-22T22:10:08.699Z"}
info: {"messageType":-1} {"timestamp":"2018-08-22T22:10:08.699Z"}
